2025-08-12 13:36:38.226 [main] INFO  c.mongodb.workshop.ResultsProcessor - 
============================================================
🎉 Starting Results Processor application... 🎉
============================================================
2025-08-12 13:36:38.227 [main] WARN  c.mongodb.workshop.ResultsProcessor - Environment variable MONGODB_URI is not set or empty
2025-08-12 13:36:38.227 [main] ERROR c.mongodb.workshop.ResultsProcessor - Application failed to run
java.lang.RuntimeException: MONGODB_URI environment variable is required
	at com.mongodb.workshop.ResultsProcessor.<init>(ResultsProcessor.java:72)
	at com.mongodb.workshop.ResultsProcessor.main(ResultsProcessor.java:92)
2025-08-12 13:38:51.286 [main] INFO  c.mongodb.workshop.ResultsProcessor - 
============================================================
🎉 Starting Results Processor application... 🎉
============================================================
2025-08-12 13:38:51.532 [main] INFO  c.mongodb.workshop.ResultsProcessor - Connected to MongoDB database: airbnb_arena
2025-08-12 13:38:51.535 [main] INFO  c.mongodb.workshop.ResultsProcessor - Using default value for ENVIRONMENT: prod
2025-08-12 13:38:51.535 [main] INFO  c.mongodb.workshop.ResultsProcessor - Using default value for LOG_LEVEL: INFO
2025-08-12 13:38:51.535 [main] INFO  c.mongodb.workshop.ResultsProcessor - Using default value for SERVICE_NAME: http://localhost:5000
2025-08-12 13:38:52.924 [main] INFO  c.mongodb.workshop.ResultsProcessor - Health information logged to results_health collection
2025-08-12 13:38:52.925 [main] INFO  c.mongodb.workshop.ResultsProcessor - 
============================================================
➡️  Starting test execution for 15 exercises 
============================================================
2025-08-12 13:38:52.925 [main] INFO  c.mongodb.workshop.ResultsProcessor - Using default value for ENVIRONMENT: prod
2025-08-12 13:38:52.925 [main] INFO  c.mongodb.workshop.ResultsProcessor - Using default value for SERVICE_NAME: http://localhost:5000
2025-08-12 13:38:52.925 [main] INFO  c.mongodb.workshop.ResultsProcessor - Checking service availability at: http://localhost:5000/api/results/whoami
2025-08-12 13:38:53.035 [main] INFO  c.mongodb.workshop.ResultsProcessor - Service is available. Response: {"name":"simone gaiera"}
2025-08-12 13:38:53.035 [main] INFO  c.mongodb.workshop.ResultsProcessor - Executing tests for prod environment with service: http://localhost:5000
2025-08-12 13:38:53.088 [main] INFO  c.mongodb.workshop.ResultsProcessor - Found 15 completed tests for user simone-gaiera: [crud-1, crud-2, crud-3, crud-4, crud-5, crud-6, crud-7, crud-8, index, pipeline-1, search-1, search-2, search-index, vector-search-1, vector-search-index]
2025-08-12 13:38:53.088 [main] INFO  c.mongodb.workshop.ResultsProcessor - Test index already completed for user simone-gaiera, skipping
2025-08-12 13:38:53.088 [main] INFO  c.mongodb.workshop.ResultsProcessor - Test crud-1 already completed for user simone-gaiera, skipping
2025-08-12 13:38:53.088 [main] INFO  c.mongodb.workshop.ResultsProcessor - Test crud-2 already completed for user simone-gaiera, skipping
2025-08-12 13:38:53.088 [main] INFO  c.mongodb.workshop.ResultsProcessor - Test crud-3 already completed for user simone-gaiera, skipping
2025-08-12 13:38:53.088 [main] INFO  c.mongodb.workshop.ResultsProcessor - Test crud-4 already completed for user simone-gaiera, skipping
2025-08-12 13:38:53.088 [main] INFO  c.mongodb.workshop.ResultsProcessor - Test crud-5 already completed for user simone-gaiera, skipping
2025-08-12 13:38:53.088 [main] INFO  c.mongodb.workshop.ResultsProcessor - Test crud-6 already completed for user simone-gaiera, skipping
2025-08-12 13:38:53.088 [main] INFO  c.mongodb.workshop.ResultsProcessor - Test crud-7 already completed for user simone-gaiera, skipping
2025-08-12 13:38:53.088 [main] INFO  c.mongodb.workshop.ResultsProcessor - Test crud-8 already completed for user simone-gaiera, skipping
2025-08-12 13:38:53.089 [main] INFO  c.mongodb.workshop.ResultsProcessor - Test pipeline-1 already completed for user simone-gaiera, skipping
2025-08-12 13:38:53.089 [main] INFO  c.mongodb.workshop.ResultsProcessor - Test search-index already completed for user simone-gaiera, skipping
2025-08-12 13:38:53.089 [main] INFO  c.mongodb.workshop.ResultsProcessor - Test search-1 already completed for user simone-gaiera, skipping
2025-08-12 13:38:53.089 [main] INFO  c.mongodb.workshop.ResultsProcessor - Test search-2 already completed for user simone-gaiera, skipping
2025-08-12 13:38:53.089 [main] INFO  c.mongodb.workshop.ResultsProcessor - Test vector-search-index already completed for user simone-gaiera, skipping
2025-08-12 13:38:53.089 [main] INFO  c.mongodb.workshop.ResultsProcessor - Test vector-search-1 already completed for user simone-gaiera, skipping
2025-08-12 13:38:53.089 [main] INFO  c.mongodb.workshop.ResultsProcessor - Stored 0 new test results for user simone-gaiera
2025-08-12 13:38:53.136 [main] INFO  c.mongodb.workshop.ResultsProcessor - Found 15 completed tests for user simone-gaiera: [crud-1, crud-2, crud-3, crud-4, crud-5, crud-6, crud-7, crud-8, index, pipeline-1, search-1, search-2, search-index, vector-search-1, vector-search-index]
2025-08-12 13:38:53.136 [main] INFO  c.mongodb.workshop.ResultsProcessor - ℹ️ Summary: Total tests: 15, Passed tests: 15
2025-08-12 13:38:53.136 [main] INFO  c.mongodb.workshop.ResultsProcessor - 
============================================================
🎉 Congratulations! All tests passed! 🎉
============================================================
2025-08-12 13:38:53.136 [main] INFO  c.mongodb.workshop.ResultsProcessor - ✅ Test execution completed. Executed 15 tests for prod environment
2025-08-12 13:38:53.188 [main] INFO  c.mongodb.workshop.ResultsProcessor - MongoDB connection closed
2025-08-12 13:38:53.188 [main] INFO  c.mongodb.workshop.ResultsProcessor - 
============================================================
🎉 Results Processor application completed successfully 🎉
============================================================
